app/build/intermediates/manifest_merge_blame_file/debug/processDebugMainManifest/manifest-merger-blame-debug-report.txt
1<?xml version="1.0" encoding="utf-8"?>
2<manifest xmlns:android="http://schemas.android.com/apk/res/android"
3    package="com.example.weathercompose"
4    android:versionCode="1"
5    android:versionName="1.0.2" >
6
7    <uses-sdk
8        android:minSdkVersion="28"
9        android:targetSdkVersion="34" />
10
11    <uses-permission android:name="android.permission.INTERNET" />
11-->src/main/AndroidManifest.xml:5:5-67
11-->src/main/AndroidManifest.xml:5:22-64
12    <!-- Required for foreground services on P+. -->
13    <uses-permission android:name="android.permission.FOREGROUND_SERVICE" />
13-->src/main/AndroidManifest.xml:7:5-77
13-->src/main/AndroidManifest.xml:7:22-74
14
15    <!-- TODO: Step 1.0, Review Permissions: Specify permissions you are using. -->
16    <uses-permission android:name="android.permission.ACCESS_FINE_LOCATION" />
16-->src/main/AndroidManifest.xml:10:5-11:45
16-->src/main/AndroidManifest.xml:10:22-76
17    <uses-permission android:name="android.permission.POST_NOTIFICATIONS" />
17-->src/main/AndroidManifest.xml:13:5-77
17-->src/main/AndroidManifest.xml:13:22-74
18    <uses-permission android:name="android.permission.WAKE_LOCK" />
18-->[androidx.work:work-runtime:2.7.1] AndroidManifest.xml:25:5-68
18-->[androidx.work:work-runtime:2.7.1] AndroidManifest.xml:25:22-65
19    <uses-permission android:name="android.permission.ACCESS_NETWORK_STATE" />
19-->[androidx.work:work-runtime:2.7.1] AndroidManifest.xml:26:5-79
19-->[androidx.work:work-runtime:2.7.1] AndroidManifest.xml:26:22-76
20    <uses-permission android:name="android.permission.RECEIVE_BOOT_COMPLETED" />
20-->[androidx.work:work-runtime:2.7.1] AndroidManifest.xml:27:5-81
20-->[androidx.work:work-runtime:2.7.1] AndroidManifest.xml:27:22-78
21
22    <permission
22-->[androidx.core:core:1.13.1] AndroidManifest.xml:22:5-24:47
23        android:name="com.example.weathercompose.DYNAMIC_RECEIVER_NOT_EXPORTED_PERMISSION"
23-->[androidx.core:core:1.13.1] AndroidManifest.xml:23:9-81
24        android:protectionLevel="signature" />
24-->[androidx.core:core:1.13.1] AndroidManifest.xml:24:9-44
25
26    <uses-permission android:name="com.example.weathercompose.DYNAMIC_RECEIVER_NOT_EXPORTED_PERMISSION" />
26-->[androidx.core:core:1.13.1] AndroidManifest.xml:26:5-97
26-->[androidx.core:core:1.13.1] AndroidManifest.xml:26:22-94
27
28    <application
28-->src/main/AndroidManifest.xml:15:5-50:19
29        android:allowBackup="true"
29-->src/main/AndroidManifest.xml:16:9-35
30        android:appComponentFactory="androidx.core.app.CoreComponentFactory"
30-->[androidx.core:core:1.13.1] AndroidManifest.xml:28:18-86
31        android:dataExtractionRules="@xml/data_extraction_rules"
31-->src/main/AndroidManifest.xml:17:9-65
32        android:debuggable="true"
33        android:extractNativeLibs="false"
34        android:fullBackupContent="@xml/backup_rules"
34-->src/main/AndroidManifest.xml:18:9-54
35        android:icon="@mipmap/ic_launcher"
35-->src/main/AndroidManifest.xml:19:9-43
36        android:label="@string/app_name"
36-->src/main/AndroidManifest.xml:20:9-41
37        android:roundIcon="@mipmap/ic_launcher_round"
37-->src/main/AndroidManifest.xml:21:9-54
38        android:supportsRtl="true"
38-->src/main/AndroidManifest.xml:22:9-35
39        android:testOnly="true"
40        android:theme="@style/Theme.WeatherCompose" >
40-->src/main/AndroidManifest.xml:23:9-52
41        <activity
41-->src/main/AndroidManifest.xml:26:9-38:20
42            android:name="com.example.weathercompose.MainActivity"
42-->src/main/AndroidManifest.xml:27:13-41
43            android:configChanges="orientation"
43-->src/main/AndroidManifest.xml:31:13-48
44            android:exported="true"
44-->src/main/AndroidManifest.xml:28:13-36
45            android:label="@string/app_name"
45-->src/main/AndroidManifest.xml:30:13-45
46            android:screenOrientation="portrait"
46-->src/main/AndroidManifest.xml:29:13-49
47            android:theme="@style/Theme.WeatherCompose" >
47-->src/main/AndroidManifest.xml:32:13-56
48            <intent-filter>
48-->src/main/AndroidManifest.xml:33:13-37:29
49                <action android:name="android.intent.action.MAIN" />
49-->src/main/AndroidManifest.xml:34:17-69
49-->src/main/AndroidManifest.xml:34:25-66
50
51                <category android:name="android.intent.category.LAUNCHER" />
51-->src/main/AndroidManifest.xml:36:17-77
51-->src/main/AndroidManifest.xml:36:27-74
52            </intent-filter>
53        </activity>
54
55        <receiver
55-->src/main/AndroidManifest.xml:39:9-48:20
56            android:name="com.example.weathercompose.ui.widget.WeatherWidgetReceiver"
56-->src/main/AndroidManifest.xml:40:13-60
57            android:exported="true" >
57-->src/main/AndroidManifest.xml:41:13-36
58            <intent-filter>
58-->src/main/AndroidManifest.xml:42:13-44:29
59                <action android:name="android.appwidget.action.APPWIDGET_UPDATE" />
59-->src/main/AndroidManifest.xml:43:17-84
59-->src/main/AndroidManifest.xml:43:25-81
60            </intent-filter>
61
62            <meta-data
62-->src/main/AndroidManifest.xml:45:13-47:62
63                android:name="android.appwidget.provider"
63-->src/main/AndroidManifest.xml:46:17-58
64                android:resource="@xml/my_app_widget_info" />
64-->src/main/AndroidManifest.xml:47:17-59
65        </receiver>
66
67        <activity
67-->[androidx.glance:glance-appwidget:1.0.0] AndroidManifest.xml:23:9-27:40
68            android:name="androidx.glance.appwidget.action.ActionTrampolineActivity"
68-->[androidx.glance:glance-appwidget:1.0.0] AndroidManifest.xml:24:13-85
69            android:enabled="true"
69-->[androidx.glance:glance-appwidget:1.0.0] AndroidManifest.xml:25:13-35
70            android:excludeFromRecents="true"
70-->[androidx.glance:glance-appwidget:1.0.0] AndroidManifest.xml:26:13-46
71            android:exported="false" />
71-->[androidx.glance:glance-appwidget:1.0.0] AndroidManifest.xml:27:13-37
72        <activity
72-->[androidx.glance:glance-appwidget:1.0.0] AndroidManifest.xml:28:9-35:81
73            android:name="androidx.glance.appwidget.action.InvisibleActionTrampolineActivity"
73-->[androidx.glance:glance-appwidget:1.0.0] AndroidManifest.xml:29:13-94
74            android:enabled="true"
74-->[androidx.glance:glance-appwidget:1.0.0] AndroidManifest.xml:30:13-35
75            android:exported="false"
75-->[androidx.glance:glance-appwidget:1.0.0] AndroidManifest.xml:31:13-37
76            android:launchMode="singleInstance"
76-->[androidx.glance:glance-appwidget:1.0.0] AndroidManifest.xml:32:13-48
77            android:noHistory="true"
77-->[androidx.glance:glance-appwidget:1.0.0] AndroidManifest.xml:33:13-37
78            android:taskAffinity="androidx.glance.appwidget.ListAdapterCallbackTrampoline"
78-->[androidx.glance:glance-appwidget:1.0.0] AndroidManifest.xml:34:13-91
79            android:theme="@style/Widget.Glance.AppWidget.CallbackTrampoline" />
79-->[androidx.glance:glance-appwidget:1.0.0] AndroidManifest.xml:35:13-78
80
81        <receiver
81-->[androidx.glance:glance-appwidget:1.0.0] AndroidManifest.xml:37:9-40:40
82            android:name="androidx.glance.appwidget.action.ActionCallbackBroadcastReceiver"
82-->[androidx.glance:glance-appwidget:1.0.0] AndroidManifest.xml:38:13-92
83            android:enabled="true"
83-->[androidx.glance:glance-appwidget:1.0.0] AndroidManifest.xml:39:13-35
84            android:exported="false" />
84-->[androidx.glance:glance-appwidget:1.0.0] AndroidManifest.xml:40:13-37
85        <receiver
85-->[androidx.glance:glance-appwidget:1.0.0] AndroidManifest.xml:41:9-48:20
86            android:name="androidx.glance.appwidget.MyPackageReplacedReceiver"
86-->[androidx.glance:glance-appwidget:1.0.0] AndroidManifest.xml:42:13-79
87            android:enabled="true"
87-->[androidx.glance:glance-appwidget:1.0.0] AndroidManifest.xml:43:13-35
88            android:exported="false" >
88-->[androidx.glance:glance-appwidget:1.0.0] AndroidManifest.xml:44:13-37
89            <intent-filter>
89-->[androidx.glance:glance-appwidget:1.0.0] AndroidManifest.xml:45:13-47:29
90                <action android:name="android.intent.action.MY_PACKAGE_REPLACED" />
90-->[androidx.glance:glance-appwidget:1.0.0] AndroidManifest.xml:46:17-84
90-->[androidx.glance:glance-appwidget:1.0.0] AndroidManifest.xml:46:25-81
91            </intent-filter>
92        </receiver>
93
94        <service
94-->[androidx.glance:glance-appwidget:1.0.0] AndroidManifest.xml:50:9-53:72
95            android:name="androidx.glance.appwidget.GlanceRemoteViewsService"
95-->[androidx.glance:glance-appwidget:1.0.0] AndroidManifest.xml:51:13-78
96            android:exported="true"
96-->[androidx.glance:glance-appwidget:1.0.0] AndroidManifest.xml:52:13-36
97            android:permission="android.permission.BIND_REMOTEVIEWS" />
97-->[androidx.glance:glance-appwidget:1.0.0] AndroidManifest.xml:53:13-69
98        <service
98-->[androidx.core:core-remoteviews:1.0.0] AndroidManifest.xml:24:9-27:63
99            android:name="androidx.core.widget.RemoteViewsCompatService"
99-->[androidx.core:core-remoteviews:1.0.0] AndroidManifest.xml:25:13-73
100            android:permission="android.permission.BIND_REMOTEVIEWS" />
100-->[androidx.core:core-remoteviews:1.0.0] AndroidManifest.xml:26:13-69
101
102        <activity
102-->[com.google.android.gms:play-services-base:18.3.0] AndroidManifest.xml:20:9-22:45
103            android:name="com.google.android.gms.common.api.GoogleApiActivity"
103-->[com.google.android.gms:play-services-base:18.3.0] AndroidManifest.xml:20:19-85
104            android:exported="false"
104-->[com.google.android.gms:play-services-base:18.3.0] AndroidManifest.xml:22:19-43
105            android:theme="@android:style/Theme.Translucent.NoTitleBar" />
105-->[com.google.android.gms:play-services-base:18.3.0] AndroidManifest.xml:21:19-78
106
107        <meta-data
107-->[com.google.android.gms:play-services-basement:18.3.0] AndroidManifest.xml:21:9-23:69
108            android:name="com.google.android.gms.version"
108-->[com.google.android.gms:play-services-basement:18.3.0] AndroidManifest.xml:22:13-58
109            android:value="@integer/google_play_services_version" />
109-->[com.google.android.gms:play-services-basement:18.3.0] AndroidManifest.xml:23:13-66
110
111        <activity
111-->[androidx.compose.ui:ui-test-manifest:1.6.7] AndroidManifest.xml:23:9-25:39
112            android:name="androidx.activity.ComponentActivity"
112-->[androidx.compose.ui:ui-test-manifest:1.6.7] AndroidManifest.xml:24:13-63
113            android:exported="true" />
113-->[androidx.compose.ui:ui-test-manifest:1.6.7] AndroidManifest.xml:25:13-36
114        <activity
114-->[androidx.compose.ui:ui-tooling-android:1.6.7] AndroidManifest.xml:23:9-25:39
115            android:name="androidx.compose.ui.tooling.PreviewActivity"
115-->[androidx.compose.ui:ui-tooling-android:1.6.7] AndroidManifest.xml:24:13-71
116            android:exported="true" />
116-->[androidx.compose.ui:ui-tooling-android:1.6.7] AndroidManifest.xml:25:13-36
117
118        <provider
118-->[androidx.work:work-runtime:2.7.1] AndroidManifest.xml:31:9-39:20
119            android:name="androidx.startup.InitializationProvider"
119-->[androidx.work:work-runtime:2.7.1] AndroidManifest.xml:32:13-67
120            android:authorities="com.example.weathercompose.androidx-startup"
120-->[androidx.work:work-runtime:2.7.1] AndroidManifest.xml:33:13-68
121            android:exported="false" >
121-->[androidx.work:work-runtime:2.7.1] AndroidManifest.xml:34:13-37
122            <meta-data
122-->[androidx.work:work-runtime:2.7.1] AndroidManifest.xml:36:13-38:52
123                android:name="androidx.work.WorkManagerInitializer"
123-->[androidx.work:work-runtime:2.7.1] AndroidManifest.xml:37:17-68
124                android:value="androidx.startup" />
124-->[androidx.work:work-runtime:2.7.1] AndroidManifest.xml:38:17-49
125            <meta-data
125-->[androidx.emoji2:emoji2:1.3.0] AndroidManifest.xml:29:13-31:52
126                android:name="androidx.emoji2.text.EmojiCompatInitializer"
126-->[androidx.emoji2:emoji2:1.3.0] AndroidManifest.xml:30:17-75
127                android:value="androidx.startup" />
127-->[androidx.emoji2:emoji2:1.3.0] AndroidManifest.xml:31:17-49
128            <meta-data
128-->[androidx.lifecycle:lifecycle-process:2.7.0] AndroidManifest.xml:29:13-31:52
129                android:name="androidx.lifecycle.ProcessLifecycleInitializer"
129-->[androidx.lifecycle:lifecycle-process:2.7.0] AndroidManifest.xml:30:17-78
130                android:value="androidx.startup" />
130-->[androidx.lifecycle:lifecycle-process:2.7.0] AndroidManifest.xml:31:17-49
131            <meta-data
131-->[androidx.profileinstaller:profileinstaller:1.3.1] AndroidManifest.xml:29:13-31:52
132                android:name="androidx.profileinstaller.ProfileInstallerInitializer"
132-->[androidx.profileinstaller:profileinstaller:1.3.1] AndroidManifest.xml:30:17-85
133                android:value="androidx.startup" />
133-->[androidx.profileinstaller:profileinstaller:1.3.1] AndroidManifest.xml:31:17-49
134        </provider>
135
136        <service
136-->[androidx.work:work-runtime:2.7.1] AndroidManifest.xml:41:9-46:35
137            android:name="androidx.work.impl.background.systemalarm.SystemAlarmService"
137-->[androidx.work:work-runtime:2.7.1] AndroidManifest.xml:42:13-88
138            android:directBootAware="false"
138-->[androidx.work:work-runtime:2.7.1] AndroidManifest.xml:43:13-44
139            android:enabled="@bool/enable_system_alarm_service_default"
139-->[androidx.work:work-runtime:2.7.1] AndroidManifest.xml:44:13-72
140            android:exported="false" />
140-->[androidx.work:work-runtime:2.7.1] AndroidManifest.xml:45:13-37
141        <service
141-->[androidx.work:work-runtime:2.7.1] AndroidManifest.xml:47:9-53:35
142            android:name="androidx.work.impl.background.systemjob.SystemJobService"
142-->[androidx.work:work-runtime:2.7.1] AndroidManifest.xml:48:13-84
143            android:directBootAware="false"
143-->[androidx.work:work-runtime:2.7.1] AndroidManifest.xml:49:13-44
144            android:enabled="@bool/enable_system_job_service_default"
144-->[androidx.work:work-runtime:2.7.1] AndroidManifest.xml:50:13-70
145            android:exported="true"
145-->[androidx.work:work-runtime:2.7.1] AndroidManifest.xml:51:13-36
146            android:permission="android.permission.BIND_JOB_SERVICE" />
146-->[androidx.work:work-runtime:2.7.1] AndroidManifest.xml:52:13-69
147        <service
147-->[androidx.work:work-runtime:2.7.1] AndroidManifest.xml:54:9-59:35
148            android:name="androidx.work.impl.foreground.SystemForegroundService"
148-->[androidx.work:work-runtime:2.7.1] AndroidManifest.xml:55:13-81
149            android:directBootAware="false"
149-->[androidx.work:work-runtime:2.7.1] AndroidManifest.xml:56:13-44
150            android:enabled="@bool/enable_system_foreground_service_default"
150-->[androidx.work:work-runtime:2.7.1] AndroidManifest.xml:57:13-77
151            android:exported="false" />
151-->[androidx.work:work-runtime:2.7.1] AndroidManifest.xml:58:13-37
152
153        <receiver
153-->[androidx.work:work-runtime:2.7.1] AndroidManifest.xml:61:9-66:35
154            android:name="androidx.work.impl.utils.ForceStopRunnable$BroadcastReceiver"
154-->[androidx.work:work-runtime:2.7.1] AndroidManifest.xml:62:13-88
155            android:directBootAware="false"
155-->[androidx.work:work-runtime:2.7.1] AndroidManifest.xml:63:13-44
156            android:enabled="true"
156-->[androidx.work:work-runtime:2.7.1] AndroidManifest.xml:64:13-35
157            android:exported="false" />
157-->[androidx.work:work-runtime:2.7.1] AndroidManifest.xml:65:13-37
158        <receiver
158-->[androidx.work:work-runtime:2.7.1] AndroidManifest.xml:67:9-77:20
159            android:name="androidx.work.impl.background.systemalarm.ConstraintProxy$BatteryChargingProxy"
159-->[androidx.work:work-runtime:2.7.1] AndroidManifest.xml:68:13-106
160            android:directBootAware="false"
160-->[androidx.work:work-runtime:2.7.1] AndroidManifest.xml:69:13-44
161            android:enabled="false"
161-->[androidx.work:work-runtime:2.7.1] AndroidManifest.xml:70:13-36
162            android:exported="false" >
162-->[androidx.work:work-runtime:2.7.1] AndroidManifest.xml:71:13-37
163            <intent-filter>
163-->[androidx.work:work-runtime:2.7.1] AndroidManifest.xml:73:13-76:29
164                <action android:name="android.intent.action.ACTION_POWER_CONNECTED" />
164-->[androidx.work:work-runtime:2.7.1] AndroidManifest.xml:74:17-87
164-->[androidx.work:work-runtime:2.7.1] AndroidManifest.xml:74:25-84
165                <action android:name="android.intent.action.ACTION_POWER_DISCONNECTED" />
165-->[androidx.work:work-runtime:2.7.1] AndroidManifest.xml:75:17-90
165-->[androidx.work:work-runtime:2.7.1] AndroidManifest.xml:75:25-87
166            </intent-filter>
167        </receiver>
168        <receiver
168-->[androidx.work:work-runtime:2.7.1] AndroidManifest.xml:78:9-88:20
169            android:name="androidx.work.impl.background.systemalarm.ConstraintProxy$BatteryNotLowProxy"
169-->[androidx.work:work-runtime:2.7.1] AndroidManifest.xml:79:13-104
170            android:directBootAware="false"
170-->[androidx.work:work-runtime:2.7.1] AndroidManifest.xml:80:13-44
171            android:enabled="false"
171-->[androidx.work:work-runtime:2.7.1] AndroidManifest.xml:81:13-36
172            android:exported="false" >
172-->[androidx.work:work-runtime:2.7.1] AndroidManifest.xml:82:13-37
173            <intent-filter>
173-->[androidx.work:work-runtime:2.7.1] AndroidManifest.xml:84:13-87:29
174                <action android:name="android.intent.action.BATTERY_OKAY" />
174-->[androidx.work:work-runtime:2.7.1] AndroidManifest.xml:85:17-77
174-->[androidx.work:work-runtime:2.7.1] AndroidManifest.xml:85:25-74
175                <action android:name="android.intent.action.BATTERY_LOW" />
175-->[androidx.work:work-runtime:2.7.1] AndroidManifest.xml:86:17-76
175-->[androidx.work:work-runtime:2.7.1] AndroidManifest.xml:86:25-73
176            </intent-filter>
177        </receiver>
178        <receiver
178-->[androidx.work:work-runtime:2.7.1] AndroidManifest.xml:89:9-99:20
179            android:name="androidx.work.impl.background.systemalarm.ConstraintProxy$StorageNotLowProxy"
179-->[androidx.work:work-runtime:2.7.1] AndroidManifest.xml:90:13-104
180            android:directBootAware="false"
180-->[androidx.work:work-runtime:2.7.1] AndroidManifest.xml:91:13-44
181            android:enabled="false"
181-->[androidx.work:work-runtime:2.7.1] AndroidManifest.xml:92:13-36
182            android:exported="false" >
182-->[androidx.work:work-runtime:2.7.1] AndroidManifest.xml:93:13-37
183            <intent-filter>
183-->[androidx.work:work-runtime:2.7.1] AndroidManifest.xml:95:13-98:29
184                <action android:name="android.intent.action.DEVICE_STORAGE_LOW" />
184-->[androidx.work:work-runtime:2.7.1] AndroidManifest.xml:96:17-83
184-->[androidx.work:work-runtime:2.7.1] AndroidManifest.xml:96:25-80
185                <action android:name="android.intent.action.DEVICE_STORAGE_OK" />
185-->[androidx.work:work-runtime:2.7.1] AndroidManifest.xml:97:17-82
185-->[androidx.work:work-runtime:2.7.1] AndroidManifest.xml:97:25-79
186            </intent-filter>
187        </receiver>
188        <receiver
188-->[androidx.work:work-runtime:2.7.1] AndroidManifest.xml:100:9-109:20
189            android:name="androidx.work.impl.background.systemalarm.ConstraintProxy$NetworkStateProxy"
189-->[androidx.work:work-runtime:2.7.1] AndroidManifest.xml:101:13-103
190            android:directBootAware="false"
190-->[androidx.work:work-runtime:2.7.1] AndroidManifest.xml:102:13-44
191            android:enabled="false"
191-->[androidx.work:work-runtime:2.7.1] AndroidManifest.xml:103:13-36
192            android:exported="false" >
192-->[androidx.work:work-runtime:2.7.1] AndroidManifest.xml:104:13-37
193            <intent-filter>
193-->[androidx.work:work-runtime:2.7.1] AndroidManifest.xml:106:13-108:29
194                <action android:name="android.net.conn.CONNECTIVITY_CHANGE" />
194-->[androidx.work:work-runtime:2.7.1] AndroidManifest.xml:107:17-79
194-->[androidx.work:work-runtime:2.7.1] AndroidManifest.xml:107:25-76
195            </intent-filter>
196        </receiver>
197        <receiver
197-->[androidx.work:work-runtime:2.7.1] AndroidManifest.xml:110:9-121:20
198            android:name="androidx.work.impl.background.systemalarm.RescheduleReceiver"
198-->[androidx.work:work-runtime:2.7.1] AndroidManifest.xml:111:13-88
199            android:directBootAware="false"
199-->[androidx.work:work-runtime:2.7.1] AndroidManifest.xml:112:13-44
200            android:enabled="false"
200-->[androidx.work:work-runtime:2.7.1] AndroidManifest.xml:113:13-36
201            android:exported="false" >
201-->[androidx.work:work-runtime:2.7.1] AndroidManifest.xml:114:13-37
202            <intent-filter>
202-->[androidx.work:work-runtime:2.7.1] AndroidManifest.xml:116:13-120:29
203                <action android:name="android.intent.action.BOOT_COMPLETED" />
203-->[androidx.work:work-runtime:2.7.1] AndroidManifest.xml:117:17-79
203-->[androidx.work:work-runtime:2.7.1] AndroidManifest.xml:117:25-76
204                <action android:name="android.intent.action.TIME_SET" />
204-->[androidx.work:work-runtime:2.7.1] AndroidManifest.xml:118:17-73
204-->[androidx.work:work-runtime:2.7.1] AndroidManifest.xml:118:25-70
205                <action android:name="android.intent.action.TIMEZONE_CHANGED" />
205-->[androidx.work:work-runtime:2.7.1] AndroidManifest.xml:119:17-81
205-->[androidx.work:work-runtime:2.7.1] AndroidManifest.xml:119:25-78
206            </intent-filter>
207        </receiver>
208        <receiver
208-->[androidx.work:work-runtime:2.7.1] AndroidManifest.xml:122:9-131:20
209            android:name="androidx.work.impl.background.systemalarm.ConstraintProxyUpdateReceiver"
209-->[androidx.work:work-runtime:2.7.1] AndroidManifest.xml:123:13-99
210            android:directBootAware="false"
210-->[androidx.work:work-runtime:2.7.1] AndroidManifest.xml:124:13-44
211            android:enabled="@bool/enable_system_alarm_service_default"
211-->[androidx.work:work-runtime:2.7.1] AndroidManifest.xml:125:13-72
212            android:exported="false" >
212-->[androidx.work:work-runtime:2.7.1] AndroidManifest.xml:126:13-37
213            <intent-filter>
213-->[androidx.work:work-runtime:2.7.1] AndroidManifest.xml:128:13-130:29
214                <action android:name="androidx.work.impl.background.systemalarm.UpdateProxies" />
214-->[androidx.work:work-runtime:2.7.1] AndroidManifest.xml:129:17-98
214-->[androidx.work:work-runtime:2.7.1] AndroidManifest.xml:129:25-95
215            </intent-filter>
216        </receiver>
217        <receiver
217-->[androidx.work:work-runtime:2.7.1] AndroidManifest.xml:132:9-142:20
218            android:name="androidx.work.impl.diagnostics.DiagnosticsReceiver"
218-->[androidx.work:work-runtime:2.7.1] AndroidManifest.xml:133:13-78
219            android:directBootAware="false"
219-->[androidx.work:work-runtime:2.7.1] AndroidManifest.xml:134:13-44
220            android:enabled="true"
220-->[androidx.work:work-runtime:2.7.1] AndroidManifest.xml:135:13-35
221            android:exported="true"
221-->[androidx.work:work-runtime:2.7.1] AndroidManifest.xml:136:13-36
222            android:permission="android.permission.DUMP" >
222-->[androidx.work:work-runtime:2.7.1] AndroidManifest.xml:137:13-57
223            <intent-filter>
223-->[androidx.work:work-runtime:2.7.1] AndroidManifest.xml:139:13-141:29
224                <action android:name="androidx.work.diagnostics.REQUEST_DIAGNOSTICS" />
224-->[androidx.work:work-runtime:2.7.1] AndroidManifest.xml:140:17-88
224-->[androidx.work:work-runtime:2.7.1] AndroidManifest.xml:140:25-85
225            </intent-filter>
226        </receiver>
227
228        <service
228-->[androidx.room:room-runtime:2.2.5] AndroidManifest.xml:25:9-28:40
229            android:name="androidx.room.MultiInstanceInvalidationService"
229-->[androidx.room:room-runtime:2.2.5] AndroidManifest.xml:26:13-74
230            android:directBootAware="true"
230-->[androidx.room:room-runtime:2.2.5] AndroidManifest.xml:27:13-43
231            android:exported="false" />
231-->[androidx.room:room-runtime:2.2.5] AndroidManifest.xml:28:13-37
232
233        <receiver
233-->[androidx.profileinstaller:profileinstaller:1.3.1] AndroidManifest.xml:34:9-52:20
234            android:name="androidx.profileinstaller.ProfileInstallReceiver"
234-->[androidx.profileinstaller:profileinstaller:1.3.1] AndroidManifest.xml:35:13-76
235            android:directBootAware="false"
235-->[androidx.profileinstaller:profileinstaller:1.3.1] AndroidManifest.xml:36:13-44
236            android:enabled="true"
236-->[androidx.profileinstaller:profileinstaller:1.3.1] AndroidManifest.xml:37:13-35
237            android:exported="true"
237-->[androidx.profileinstaller:profileinstaller:1.3.1] AndroidManifest.xml:38:13-36
238            android:permission="android.permission.DUMP" >
238-->[androidx.profileinstaller:profileinstaller:1.3.1] AndroidManifest.xml:39:13-57
239            <intent-filter>
239-->[androidx.profileinstaller:profileinstaller:1.3.1] AndroidManifest.xml:40:13-42:29
240                <action android:name="androidx.profileinstaller.action.INSTALL_PROFILE" />
240-->[androidx.profileinstaller:profileinstaller:1.3.1] AndroidManifest.xml:41:17-91
240-->[androidx.profileinstaller:profileinstaller:1.3.1] AndroidManifest.xml:41:25-88
241            </intent-filter>
242            <intent-filter>
242-->[androidx.profileinstaller:profileinstaller:1.3.1] AndroidManifest.xml:43:13-45:29
243                <action android:name="androidx.profileinstaller.action.SKIP_FILE" />
243-->[androidx.profileinstaller:profileinstaller:1.3.1] AndroidManifest.xml:44:17-85
243-->[androidx.profileinstaller:profileinstaller:1.3.1] AndroidManifest.xml:44:25-82
244            </intent-filter>
245            <intent-filter>
245-->[androidx.profileinstaller:profileinstaller:1.3.1] AndroidManifest.xml:46:13-48:29
246                <action android:name="androidx.profileinstaller.action.SAVE_PROFILE" />
246-->[androidx.profileinstaller:profileinstaller:1.3.1] AndroidManifest.xml:47:17-88
246-->[androidx.profileinstaller:profileinstaller:1.3.1] AndroidManifest.xml:47:25-85
247            </intent-filter>
248            <intent-filter>
248-->[androidx.profileinstaller:profileinstaller:1.3.1] AndroidManifest.xml:49:13-51:29
249                <action android:name="androidx.profileinstaller.action.BENCHMARK_OPERATION" />
249-->[androidx.profileinstaller:profileinstaller:1.3.1] AndroidManifest.xml:50:17-95
249-->[androidx.profileinstaller:profileinstaller:1.3.1] AndroidManifest.xml:50:25-92
250            </intent-filter>
251        </receiver>
252    </application>
253
254</manifest>